<?xml version="1.0" encoding="UTF-8"?>
<testng-results skipped="0" failed="0" ignored="0" total="3" passed="3">
  <reporter-output>
  </reporter-output>
  <suite name="Surefire suite" duration-ms="14192" started-at="2020-08-23T15:07:31 EET" finished-at="2020-08-23T15:07:45 EET">
    <groups>
    </groups>
    <test name="Surefire test" duration-ms="14192" started-at="2020-08-23T15:07:31 EET" finished-at="2020-08-23T15:07:45 EET">
      <class name="Bank.BankTests">
        <test-method status="PASS" signature="start()[pri:0, instance:Bank.BankTests@73db4768]" name="start" is-config="true" duration-ms="10327" started-at="2020-08-23T15:07:31 EET" finished-at="2020-08-23T15:07:41 EET">
          <reporter-output>
          </reporter-output>
        </test-method> <!-- start -->
        <test-method status="PASS" signature="negative()[pri:0, instance:Bank.BankTests@73db4768]" name="negative" duration-ms="1286" started-at="2020-08-23T15:07:41 EET" finished-at="2020-08-23T15:07:43 EET">
          <reporter-output>
          </reporter-output>
        </test-method> <!-- negative -->
        <test-method status="PASS" signature="end()[pri:0, instance:Bank.BankTests@73db4768]" name="end" is-config="true" duration-ms="1" started-at="2020-08-23T15:07:43 EET" finished-at="2020-08-23T15:07:43 EET">
          <reporter-output>
          </reporter-output>
        </test-method> <!-- end -->
        <test-method status="PASS" signature="start()[pri:0, instance:Bank.BankTests@73db4768]" name="start" is-config="true" duration-ms="324" started-at="2020-08-23T15:07:43 EET" finished-at="2020-08-23T15:07:43 EET">
          <reporter-output>
          </reporter-output>
        </test-method> <!-- start -->
        <test-method status="PASS" signature="negativeSecond()[pri:0, instance:Bank.BankTests@73db4768]" name="negativeSecond" duration-ms="668" started-at="2020-08-23T15:07:43 EET" finished-at="2020-08-23T15:07:44 EET">
          <reporter-output>
          </reporter-output>
        </test-method> <!-- negativeSecond -->
        <test-method status="PASS" signature="end()[pri:0, instance:Bank.BankTests@73db4768]" name="end" is-config="true" duration-ms="0" started-at="2020-08-23T15:07:44 EET" finished-at="2020-08-23T15:07:44 EET">
          <reporter-output>
          </reporter-output>
        </test-method> <!-- end -->
        <test-method status="PASS" signature="start()[pri:0, instance:Bank.BankTests@73db4768]" name="start" is-config="true" duration-ms="322" started-at="2020-08-23T15:07:44 EET" finished-at="2020-08-23T15:07:44 EET">
          <reporter-output>
          </reporter-output>
        </test-method> <!-- start -->
        <test-method status="PASS" signature="positiveTestAuthorization()[pri:0, instance:Bank.BankTests@73db4768]" name="positiveTestAuthorization" duration-ms="965" started-at="2020-08-23T15:07:44 EET" finished-at="2020-08-23T15:07:45 EET">
          <reporter-output>
          </reporter-output>
        </test-method> <!-- positiveTestAuthorization -->
        <test-method status="PASS" signature="end()[pri:0, instance:Bank.BankTests@73db4768]" name="end" is-config="true" duration-ms="1" started-at="2020-08-23T15:07:45 EET" finished-at="2020-08-23T15:07:45 EET">
          <reporter-output>
          </reporter-output>
        </test-method> <!-- end -->
      </class> <!-- Bank.BankTests -->
    </test> <!-- Surefire test -->
  </suite> <!-- Surefire suite -->
</testng-results>
