<?xml version="1.0" encoding="UTF-8"?>
<!-- Generated by org.testng.reporters.JUnitXMLReporter -->
<testsuite hostname="PC_Darvish" ignored="0" name="Surefire test" tests="3" failures="0" timestamp="2020-08-23T15:07:45 EET" time="14.192" errors="0">
  <testcase name="negative" time="1.286" classname="Bank.BankTests"/>
  <testcase name="negativeSecond" time="0.668" classname="Bank.BankTests"/>
  <testcase name="positiveTestAuthorization" time="0.965" classname="Bank.BankTests"/>
</testsuite> <!-- Surefire test -->
